[2024-11-19 22:56:15,389] INFO - Приложение Flask запущено.
[2024-11-19 22:56:17,175] INFO - Приложение Flask запущено.
[2024-11-19 22:56:24,320] INFO - Доступ к панели управления пользователем ID: 1.
[2024-11-19 22:57:10,594] INFO - Доступ к панели управления пользователем ID: 2.
[2024-11-19 22:57:40,241] INFO - Доступ к панели управления пользователем ID: 2.
[2024-11-19 22:57:44,677] INFO - Доступ к панели управления пользователем ID: 2.
[2024-11-19 22:57:50,985] INFO - Доступ к панели управления пользователем ID: 2.
[2024-11-19 22:58:18,206] INFO - Доступ к панели управления пользователем ID: 2.
[2024-11-20 16:15:30,961] INFO - Доступ к панели управления пользователем ID: 1.
[2024-11-20 16:15:50,021] INFO - Доступ к панели управления пользователем ID: 1.
[2024-11-20 16:15:52,791] INFO - Доступ к панели управления пользователем ID: 1.
[2024-11-20 16:15:54,890] INFO - Доступ к панели управления пользователем ID: 1.
[2024-11-20 16:15:58,908] INFO - Доступ к панели управления пользователем ID: 1.
[2024-11-20 16:16:04,588] INFO - Доступ к панели управления пользователем ID: 1.
[2024-11-20 16:16:07,971] INFO - Доступ к панели управления пользователем ID: 1.
[2024-11-20 19:26:25,120] INFO - Доступ к панели управления пользователем ID: 1.
[2024-11-20 19:30:40,203] INFO - Доступ к панели управления пользователем ID: 1.
[2024-11-20 19:33:08,306] INFO - Доступ к панели управления пользователем ID: 1.
[2024-11-20 19:33:12,729] INFO - Доступ к панели управления пользователем ID: 1.
[2024-11-20 19:33:18,407] INFO - Доступ к панели управления пользователем ID: 1.
[2024-11-20 19:33:22,026] INFO - Доступ к панели управления пользователем ID: 1.
[2024-11-20 19:33:25,555] INFO - Доступ к панели управления пользователем ID: 1.
[2024-11-20 19:33:29,848] INFO - Доступ к панели управления пользователем ID: 1.
[2024-11-20 19:33:31,834] INFO - Доступ к панели управления пользователем ID: 1.
[2024-11-20 19:33:38,673] INFO - Доступ к панели управления пользователем ID: 1.
[2024-11-20 19:40:13,670] INFO - Доступ к панели управления пользователем ID: 1.
[2024-11-20 19:40:18,376] INFO - Доступ к панели управления пользователем ID: 1.
[2024-11-20 19:40:26,181] INFO - Доступ к панели управления пользователем ID: 1.
[2024-11-20 19:40:40,306] INFO - Доступ к панели управления пользователем ID: 1.
[2024-11-20 23:24:51,891] INFO - Доступ к панели управления пользователем ID: 1.
[2024-11-20 23:25:25,462] INFO - Доступ к панели управления пользователем ID: 1.
[2024-11-20 23:25:42,390] INFO - Доступ к панели управления пользователем ID: 1.
[2024-11-20 23:25:54,472] INFO - Доступ к панели управления пользователем ID: 1.
[2024-11-20 23:26:07,541] INFO - Доступ к панели управления пользователем ID: 1.
[2024-11-20 23:26:11,322] INFO - Доступ к панели управления пользователем ID: 1.
[2024-11-20 23:27:48,762] INFO - Доступ к панели управления пользователем ID: 1.
[2024-11-20 23:27:50,424] INFO - Доступ к панели управления пользователем ID: 1.
[2024-11-20 23:27:52,366] INFO - Доступ к панели управления пользователем ID: 1.
[2024-11-20 23:27:55,552] INFO - Доступ к панели управления пользователем ID: 1.
[2024-11-20 23:28:05,495] INFO - Доступ к панели управления пользователем ID: 1.
[2025-03-07 22:24:40,417] INFO - Приложение Flask запущено.
[2025-03-07 22:24:42,246] INFO - Приложение Flask запущено.
[2025-03-07 22:24:57,269] INFO - Доступ к панели управления пользователем ID: 1.
[2025-03-07 22:25:46,743] INFO - Доступ к панели управления пользователем ID: 1.
[2025-03-07 22:26:19,355] INFO - Доступ к панели управления пользователем ID: 1.
[2025-03-11 16:38:10,837] INFO - Приложение Flask запущено.
[2025-03-11 16:40:08,729] INFO - Приложение Flask запущено.
[2025-03-11 16:40:18,141] INFO - Приложение Flask запущено.
[2025-03-11 16:41:30,047] INFO - Приложение Flask запущено.
[2025-03-11 16:41:31,604] INFO - Приложение Flask запущено.
[2025-03-11 16:41:57,938] INFO - Приложение Flask запущено.
[2025-03-11 16:41:58,223] INFO - Приложение Flask запущено.
[2025-03-11 16:42:15,119] INFO - Доступ к панели управления пользователем ID: 1.
[2025-03-11 16:42:27,671] INFO - Доступ к панели управления пользователем ID: 1.
[2025-03-11 17:12:01,880] INFO - Доступ к панели управления пользователем ID: 1.
[2025-03-11 17:30:13,216] INFO - Доступ к панели управления пользователем ID: 1.
[2025-03-11 17:34:21,483] INFO - Доступ к панели управления пользователем ID: 1.
[2025-03-11 17:34:29,841] INFO - Доступ к панели управления пользователем ID: 1.
[2025-03-11 17:42:40,063] INFO - Доступ к панели управления пользователем ID: 1.
[2025-03-11 17:42:53,505] INFO - Доступ к панели управления пользователем ID: 1.
[2025-03-11 17:47:11,628] INFO - Приложение Flask запущено.
[2025-03-11 17:47:12,172] INFO - Приложение Flask запущено.
[2025-03-11 17:47:20,820] INFO - Доступ к панели управления пользователем ID: 1.
[2025-03-11 17:48:41,474] INFO - Доступ к панели управления пользователем ID: 1.
[2025-03-11 17:49:01,646] INFO - Приложение Flask запущено.
[2025-03-11 17:49:02,182] INFO - Приложение Flask запущено.
[2025-03-11 17:49:12,583] INFO - Приложение Flask запущено.
[2025-03-11 17:49:13,211] INFO - Приложение Flask запущено.
[2025-03-11 17:49:35,432] INFO - Доступ к панели управления пользователем ID: 1.
[2025-03-11 17:51:00,298] INFO - Доступ к панели управления пользователем ID: 1.
[2025-03-11 17:53:24,575] INFO - Доступ к панели управления пользователем ID: 1.
[2025-03-11 17:56:11,886] INFO - Приложение Flask запущено.
[2025-03-11 17:58:56,654] INFO - Приложение Flask запущено.
[2025-03-11 17:59:58,457] INFO - Приложение Flask запущено.
[2025-03-11 18:00:24,894] INFO - Доступ к панели управления пользователем ID: 1.
[2025-03-12 15:16:08,861] INFO - Доступ к панели управления пользователем ID: 1.
[2025-03-12 15:30:43,136] INFO - Доступ к панели управления пользователем ID: 1.
[2025-03-12 15:31:02,066] INFO - Доступ к панели управления пользователем ID: 1.
[2025-03-12 15:31:31,625] INFO - Доступ к панели управления пользователем ID: 1.
[2025-03-12 15:33:17,332] INFO - Приложение Flask запущено.
[2025-03-12 15:38:05,292] INFO - Приложение Flask запущено.
[2025-03-12 15:48:44,360] INFO - Приложение Flask запущено.
[2025-03-12 15:48:51,291] INFO - Приложение Flask запущено.
[2025-03-12 15:59:56,496] INFO - Приложение Flask запущено.
[2025-03-12 15:59:57,094] INFO - Приложение Flask запущено.
[2025-03-12 16:46:04,840] INFO - Приложение Flask запущено.
[2025-03-12 16:46:06,035] INFO - Приложение Flask запущено.
[2025-03-12 16:46:08,975] INFO - Доступ к панели управления пользователем ID: 1.
[2025-03-12 16:46:35,629] INFO - Доступ к панели управления пользователем ID: 1.
[2025-03-12 16:46:40,205] INFO - Доступ к панели управления пользователем ID: 1.
[2025-03-12 16:46:51,843] INFO - Доступ к панели управления пользователем ID: 1.
[2025-03-12 16:48:10,988] INFO - Приложение Flask запущено.
[2025-03-12 16:48:32,982] INFO - Приложение Flask запущено.
[2025-03-12 16:48:57,953] INFO - Приложение Flask запущено.
[2025-03-12 16:51:19,584] INFO - Доступ к панели управления пользователем ID: 1.
[2025-03-12 16:53:33,829] INFO - Доступ к панели управления пользователем ID: 1.
[2025-03-12 17:01:32,764] INFO - Приложение Flask запущено.
[2025-03-12 17:02:42,179] INFO - Доступ к панели управления пользователем ID: 1.
[2025-03-12 17:05:35,202] INFO - Приложение Flask запущено.
[2025-03-12 17:05:42,341] INFO - Доступ к панели управления пользователем ID: 1.
[2025-03-12 17:09:12,085] INFO - Приложение Flask запущено.
[2025-03-12 17:09:24,927] INFO - Приложение Flask запущено.
[2025-03-14 12:02:10,896] INFO - Приложение Flask запущено.
[2025-03-14 12:02:12,253] INFO - Приложение Flask запущено.
[2025-03-14 12:06:20,005] INFO - Приложение Flask запущено.
[2025-03-14 12:06:20,465] INFO - Приложение Flask запущено.
[2025-03-14 12:07:29,668] INFO - Доступ к панели управления пользователем ID: 1.
[2025-03-14 12:07:34,816] INFO - Доступ к панели управления пользователем ID: 1.
[2025-03-14 13:09:24,247] INFO - Приложение Flask запущено.
[2025-03-14 13:09:24,714] INFO - Приложение Flask запущено.
[2025-03-14 13:09:32,525] INFO - Доступ к панели управления пользователем ID: 1.
[2025-03-14 13:09:41,908] INFO - Доступ к панели управления пользователем ID: 1.
[2025-03-14 13:09:44,680] INFO - Доступ к панели управления пользователем ID: 1.
[2025-03-14 13:15:01,249] INFO - Приложение Flask запущено.
[2025-03-14 13:15:51,785] INFO - Приложение Flask запущено.
[2025-03-14 13:36:01,231] INFO - Приложение Flask запущено.
[2025-03-14 13:36:02,598] INFO - Приложение Flask запущено.
[2025-03-14 13:39:21,682] INFO - Приложение Flask запущено.
[2025-03-14 13:39:22,133] INFO - Приложение Flask запущено.
[2025-03-14 13:39:24,138] INFO - Доступ к панели управления пользователем ID: 1.
[2025-03-14 13:44:35,154] INFO - Доступ к панели управления пользователем ID: 1.
[2025-03-14 13:45:33,808] INFO - Доступ к панели управления пользователем ID: 1.
[2025-03-14 13:53:22,048] INFO - Доступ к панели управления пользователем ID: 1.
[2025-03-14 13:53:39,139] INFO - Доступ к панели управления пользователем ID: 1.
[2025-03-14 13:54:27,354] INFO - Доступ к панели управления пользователем ID: 1.
[2025-03-14 13:54:48,165] INFO - Доступ к панели управления пользователем ID: 1.
[2025-03-14 13:54:53,830] INFO - Доступ к панели управления пользователем ID: 1.
[2025-03-14 13:55:41,808] INFO - Доступ к панели управления пользователем ID: 1.
[2025-03-14 13:56:18,439] INFO - Доступ к панели управления пользователем ID: 1.
[2025-03-14 13:57:05,812] INFO - Доступ к панели управления пользователем ID: 1.
[2025-03-14 13:58:33,710] INFO - Приложение Flask запущено.
[2025-03-14 13:58:34,211] INFO - Доступ к панели управления пользователем ID: 1.
[2025-03-14 14:01:53,554] INFO - Доступ к панели управления пользователем ID: 1.
[2025-03-14 14:34:21,891] INFO - Приложение Flask запущено.
[2025-03-14 14:34:22,534] INFO - Приложение Flask запущено.
[2025-03-14 14:34:24,779] INFO - Доступ к панели управления пользователем ID: 1.
[2025-03-14 14:35:13,931] INFO - Доступ к панели управления пользователем ID: 1.
[2025-03-14 14:35:16,037] INFO - Доступ к панели управления пользователем ID: 1.
[2025-03-14 14:36:42,559] INFO - Доступ к панели управления пользователем ID: 1.
[2025-03-14 14:42:50,240] INFO - Доступ к панели управления пользователем ID: 1.
[2025-03-14 14:44:36,260] INFO - Доступ к панели управления пользователем ID: 1.
[2025-03-14 14:45:06,122] INFO - Приложение Flask запущено.
[2025-03-14 15:04:48,440] INFO - Приложение Flask запущено.
[2025-03-14 15:04:49,209] INFO - Приложение Flask запущено.
[2025-03-14 15:04:53,200] INFO - Доступ к панели управления пользователем ID: 1.
[2025-03-14 15:05:51,730] INFO - Доступ к панели управления пользователем ID: 1.
[2025-03-14 15:10:44,943] INFO - Доступ к панели управления пользователем ID: 1.
[2025-03-14 15:14:36,927] INFO - Приложение Flask запущено.
[2025-03-14 15:17:10,996] INFO - Доступ к панели управления пользователем ID: 1.
[2025-03-14 15:44:35,448] INFO - Доступ к панели управления пользователем ID: 1.
[2025-03-15 18:53:39,484] INFO - Приложение Flask запущено.
[2025-03-15 19:00:01,905] INFO - Приложение Flask запущено.
[2025-03-15 19:00:30,026] INFO - Приложение Flask запущено.
[2025-03-15 19:04:35,098] INFO - Доступ к панели управления пользователем ID: 1.
[2025-03-15 19:14:25,926] INFO - Приложение Flask запущено.
[2025-03-15 19:15:39,900] INFO - Приложение Flask запущено.
[2025-03-15 19:21:06,714] INFO - Приложение Flask запущено.
[2025-03-15 19:21:07,195] INFO - Приложение Flask запущено.
[2025-03-15 23:10:08,675] INFO - Доступ к панели управления пользователем ID: 1.
[2025-03-15 23:28:53,635] INFO - Приложение Flask запущено.
[2025-03-15 23:28:56,503] INFO - Приложение Flask запущено.
[2025-03-15 23:39:50,845] INFO - Приложение Flask запущено.
[2025-03-15 23:39:51,625] INFO - Приложение Flask запущено.
[2025-03-15 23:42:09,931] INFO - Доступ к панели управления пользователем ID: 1.
[2025-03-15 23:44:03,620] INFO - Приложение Flask запущено.
[2025-03-15 23:45:37,849] INFO - Приложение Flask запущено.
[2025-03-15 23:45:39,994] ERROR - Ошибка анализа: 'User' object has no attribute 'last_name'
Traceback (most recent call last):
  File "/Users/southrussian/PycharmProjects/hospital/app/admissions.py", line 170, in analyze_admissions
    'doctor': f"{a.user.last_name} {a.user.first_name}",
                 ^^^^^^^^^^^^^^^^
AttributeError: 'User' object has no attribute 'last_name'
[2025-03-15 23:47:54,130] INFO - Приложение Flask запущено.
[2025-03-15 23:47:54,337] ERROR - Ошибка анализа: type object 'User' has no attribute 'doctor'
Traceback (most recent call last):
  File "/Users/southrussian/PycharmProjects/hospital/app/admissions.py", line 163, in analyze_admissions
    joinedload(Admission.user).joinedload(User.doctor)  # Добавляем загрузку Doctor
                                          ^^^^^^^^^^^
AttributeError: type object 'User' has no attribute 'doctor'
[2025-03-15 23:51:40,161] INFO - Приложение Flask запущено.
[2025-03-15 23:54:33,163] INFO - Приложение Flask запущено.
[2025-03-15 23:54:33,760] INFO - Приложение Flask запущено.
[2025-03-15 23:55:02,009] INFO - Приложение Flask запущено.
[2025-03-15 23:55:02,578] INFO - Приложение Flask запущено.
[2025-03-16 00:02:37,699] INFO - Доступ к панели управления пользователем ID: 1.
[2025-03-16 00:05:24,604] INFO - Доступ к панели управления пользователем ID: 1.
[2025-03-16 00:05:31,210] INFO - Доступ к панели управления пользователем ID: 1.
[2025-03-16 00:18:10,933] INFO - Приложение Flask запущено.
[2025-03-16 00:18:11,837] INFO - Приложение Flask запущено.
[2025-03-16 00:18:50,719] INFO - Приложение Flask запущено.
[2025-03-16 00:20:16,147] INFO - Доступ к панели управления пользователем ID: 1.
[2025-03-16 00:20:18,882] INFO - Доступ к панели управления пользователем ID: 1.
[2025-03-16 00:22:25,620] INFO - Приложение Flask запущено.
[2025-03-16 00:22:42,882] INFO - Приложение Flask запущено.
[2025-03-16 00:22:43,073] INFO - Доступ к панели управления пользователем ID: 1.
[2025-03-16 00:22:46,573] INFO - Доступ к панели управления пользователем ID: 1.
[2025-03-16 00:22:47,826] INFO - Доступ к панели управления пользователем ID: 1.
[2025-03-16 00:23:21,577] INFO - Приложение Flask запущено.
[2025-03-16 00:27:20,097] INFO - Доступ к панели управления пользователем ID: 1.
[2025-03-16 00:27:21,168] INFO - Доступ к панели управления пользователем ID: 1.
[2025-03-16 00:27:21,356] INFO - Доступ к панели управления пользователем ID: 1.
[2025-03-16 00:27:21,550] INFO - Доступ к панели управления пользователем ID: 1.
[2025-03-16 00:27:21,719] INFO - Доступ к панели управления пользователем ID: 1.
[2025-03-16 00:29:16,547] INFO - Приложение Flask запущено.
[2025-03-16 00:29:17,203] INFO - Приложение Flask запущено.
[2025-03-16 00:29:20,612] INFO - Доступ к панели управления пользователем ID: 1.
[2025-03-16 00:29:27,219] INFO - Доступ к панели управления пользователем ID: 1.
[2025-03-16 00:29:28,530] INFO - Доступ к панели управления пользователем ID: 1.
[2025-03-16 00:30:04,250] INFO - Приложение Flask запущено.
[2025-03-16 00:30:04,481] ERROR - Ошибка загрузки записей: 'None' has no attribute 'strftime'
[2025-03-16 00:30:04,488] INFO - Доступ к панели управления пользователем ID: 1.
[2025-03-16 00:30:45,869] ERROR - Ошибка загрузки записей: 'None' has no attribute 'strftime'
[2025-03-16 00:30:45,886] INFO - Доступ к панели управления пользователем ID: 1.
[2025-03-16 00:30:46,935] ERROR - Ошибка загрузки записей: 'None' has no attribute 'strftime'
[2025-03-16 00:30:46,944] INFO - Доступ к панели управления пользователем ID: 1.
[2025-03-16 00:32:00,405] ERROR - Ошибка загрузки записей: 'None' has no attribute 'strftime'
[2025-03-16 00:32:00,421] INFO - Доступ к панели управления пользователем ID: 1.
[2025-03-16 00:38:53,803] INFO - Приложение Flask запущено.
[2025-03-16 00:39:40,975] INFO - Доступ к панели управления пользователем ID: 1.
[2025-03-16 00:39:50,504] INFO - Доступ к панели управления пользователем ID: 1.
[2025-03-16 00:39:54,674] INFO - Доступ к панели управления пользователем ID: 1.
[2025-03-16 15:40:54,021] INFO - Приложение Flask запущено.
[2025-03-16 15:47:08,029] INFO - Приложение Flask запущено.
[2025-03-16 15:50:30,162] INFO - Приложение Flask запущено.
[2025-03-16 15:50:30,798] INFO - Приложение Flask запущено.
[2025-03-16 15:50:32,976] INFO - Доступ к панели управления пользователем ID: 1.
[2025-03-16 15:50:44,429] INFO - Доступ к панели управления пользователем ID: 1.
[2025-03-16 15:51:00,434] INFO - Доступ к панели управления пользователем ID: 1.
[2025-03-16 16:03:27,801] INFO - Приложение Flask запущено.
[2025-03-16 16:03:28,455] INFO - Приложение Flask запущено.
[2025-03-16 16:03:29,449] INFO - Доступ к панели управления пользователем ID: 1.
[2025-03-16 16:04:25,641] INFO - Приложение Flask запущено.
[2025-03-16 16:04:40,934] INFO - Приложение Flask запущено.
[2025-03-16 16:05:02,244] INFO - Приложение Flask запущено.
[2025-03-16 16:05:13,538] INFO - Приложение Flask запущено.
[2025-03-16 16:05:31,676] INFO - Приложение Flask запущено.
[2025-03-16 16:06:58,490] INFO - Приложение Flask запущено.
[2025-03-16 16:07:26,638] INFO - Доступ к панели управления пользователем ID: 1.
[2025-03-16 16:07:29,168] INFO - Доступ к панели управления пользователем ID: 1.
[2025-03-16 16:07:31,677] INFO - Доступ к панели управления пользователем ID: 1.
[2025-03-16 16:08:25,451] INFO - Приложение Flask запущено.
[2025-03-16 16:22:26,754] INFO - Приложение Flask запущено.
[2025-03-16 16:29:45,505] INFO - Приложение Flask запущено.
[2025-03-16 16:29:48,251] INFO - Приложение Flask запущено.
[2025-03-16 16:29:48,803] INFO - Приложение Flask запущено.
[2025-03-16 16:29:52,062] INFO - Доступ к панели управления пользователем ID: 1.
[2025-03-16 16:30:59,204] INFO - Доступ к панели управления пользователем ID: 1.
[2025-03-16 16:32:25,589] INFO - Доступ к панели управления пользователем ID: 1.
[2025-03-16 16:32:57,714] INFO - Доступ к панели управления пользователем ID: 1.
[2025-03-16 16:53:59,222] INFO - Приложение Flask запущено.
[2025-03-16 16:54:00,078] INFO - Приложение Flask запущено.
[2025-03-16 16:54:44,831] INFO - Приложение Flask запущено.
[2025-03-16 16:54:45,398] INFO - Приложение Flask запущено.
[2025-03-16 16:55:09,220] INFO - Доступ к панели управления пользователем ID: 1.
[2025-03-16 16:55:16,042] INFO - Доступ к панели управления пользователем ID: 1.
[2025-03-16 16:55:52,993] INFO - Доступ к панели управления пользователем ID: 1.
[2025-03-16 16:55:56,707] INFO - Доступ к панели управления пользователем ID: 1.
[2025-03-16 16:56:36,432] INFO - Доступ к панели управления пользователем ID: 1.
[2025-03-16 17:01:21,164] INFO - Приложение Flask запущено.
[2025-03-16 17:02:24,626] INFO - Приложение Flask запущено.
[2025-03-16 17:02:42,204] INFO - Приложение Flask запущено.
[2025-03-16 17:04:01,511] INFO - Приложение Flask запущено.
[2025-03-16 17:11:38,020] INFO - Приложение Flask запущено.
[2025-03-16 17:11:41,017] INFO - Доступ к панели управления пользователем ID: 1.
[2025-03-16 17:15:39,913] INFO - Доступ к панели управления пользователем ID: 1.
[2025-03-16 17:15:48,889] INFO - Доступ к панели управления пользователем ID: 1.
[2025-03-16 17:16:00,105] INFO - Доступ к панели управления пользователем ID: 1.
[2025-03-16 17:19:45,081] INFO - Доступ к панели управления пользователем ID: 1.
[2025-03-16 17:20:11,009] INFO - Доступ к панели управления пользователем ID: 1.
[2025-03-16 17:22:07,558] INFO - Доступ к панели управления пользователем ID: 1.
[2025-03-16 17:22:15,521] INFO - Доступ к панели управления пользователем ID: 1.
[2025-03-16 17:25:13,680] INFO - Приложение Flask запущено.
[2025-03-16 17:25:33,609] INFO - Приложение Flask запущено.
[2025-03-16 17:26:54,737] INFO - Приложение Flask запущено.
[2025-03-16 17:26:54,837] INFO - Доступ к панели управления пользователем ID: 1.
[2025-03-16 17:27:04,871] INFO - Доступ к панели управления пользователем ID: 1.
[2025-03-16 17:27:34,004] INFO - Приложение Flask запущено.
[2025-03-16 17:28:20,409] INFO - Приложение Flask запущено.
[2025-03-16 17:31:23,244] INFO - Приложение Flask запущено.
[2025-03-16 17:31:23,880] INFO - Приложение Flask запущено.
[2025-03-16 17:31:26,673] ERROR - Ошибка анализа: 'NoneType' object has no attribute 'date'
Traceback (most recent call last):
  File "/Users/southrussian/PycharmProjects/hospital/app/prescriptions.py", line 302, in analyze_medication_consumption
    'start_date': p.start_date.date(),
                  ^^^^^^^^^^^^^^^^^
AttributeError: 'NoneType' object has no attribute 'date'
[2025-03-16 17:32:31,427] INFO - Приложение Flask запущено.
[2025-03-16 17:32:47,966] INFO - Доступ к панели управления пользователем ID: 1.
[2025-03-16 17:32:55,745] INFO - Доступ к панели управления пользователем ID: 1.
[2025-03-16 17:32:57,378] INFO - Доступ к панели управления пользователем ID: 1.
[2025-03-16 17:32:58,717] INFO - Доступ к панели управления пользователем ID: 1.
[2025-03-16 17:33:23,354] INFO - Доступ к панели управления пользователем ID: 1.
[2025-03-16 21:50:06,787] INFO - Приложение Flask запущено.
[2025-03-16 21:50:07,672] INFO - Приложение Flask запущено.
[2025-03-16 21:50:26,942] INFO - Приложение Flask запущено.
[2025-03-16 21:50:27,490] INFO - Приложение Flask запущено.
[2025-03-16 21:50:34,000] INFO - Доступ к панели управления пользователем ID: 1.
[2025-03-16 21:51:24,643] INFO - Приложение Flask запущено.
[2025-03-16 21:51:24,742] INFO - Доступ к панели управления пользователем ID: 1.
[2025-03-16 21:51:28,776] INFO - Доступ к панели управления пользователем ID: 1.
[2025-03-16 21:51:38,256] INFO - Доступ к панели управления пользователем ID: 1.
[2025-03-16 21:52:17,632] INFO - Приложение Flask запущено.
[2025-03-16 21:53:01,955] INFO - Доступ к панели управления пользователем ID: 1.
[2025-03-16 21:55:24,051] INFO - Приложение Flask запущено.
[2025-03-16 21:58:30,524] INFO - Приложение Flask запущено.
[2025-03-16 21:58:31,135] INFO - Приложение Flask запущено.
[2025-03-16 22:04:04,340] INFO - Доступ к панели управления пользователем ID: 1.
[2025-03-16 22:10:08,136] INFO - Доступ к панели управления пользователем ID: 1.
[2025-03-16 22:10:09,506] INFO - Доступ к панели управления пользователем ID: 1.
[2025-03-16 22:10:10,628] INFO - Доступ к панели управления пользователем ID: 1.
[2025-03-16 22:10:55,792] INFO - Доступ к панели управления пользователем ID: 1.
[2025-03-16 22:10:57,623] INFO - Доступ к панели управления пользователем ID: 1.
[2025-03-16 22:11:34,744] INFO - Доступ к панели управления пользователем ID: 1.
[2025-03-16 22:11:35,481] INFO - Доступ к панели управления пользователем ID: 1.
[2025-03-16 22:12:08,020] INFO - Доступ к панели управления пользователем ID: 1.
[2025-03-16 22:19:09,342] INFO - Доступ к панели управления пользователем ID: 1.
[2025-03-16 22:19:24,456] INFO - Доступ к панели управления пользователем ID: 1.
[2025-03-16 22:19:46,347] INFO - Доступ к панели управления пользователем ID: 1.
[2025-03-16 22:24:27,912] INFO - Доступ к панели управления пользователем ID: 1.
[2025-03-16 22:25:11,351] INFO - Доступ к панели управления пользователем ID: 1.
[2025-03-16 22:29:08,715] INFO - Доступ к панели управления пользователем ID: 1.
[2025-03-16 22:30:32,088] INFO - Доступ к панели управления пользователем ID: 1.
[2025-03-16 22:30:33,971] INFO - Доступ к панели управления пользователем ID: 1.
[2025-03-16 22:30:38,337] INFO - Доступ к панели управления пользователем ID: 1.
[2025-03-16 22:30:41,006] INFO - Доступ к панели управления пользователем ID: 1.
[2025-03-16 22:32:38,775] INFO - Доступ к панели управления пользователем ID: 1.
[2025-03-16 22:32:46,781] INFO - Доступ к панели управления пользователем ID: 1.
[2025-03-16 22:34:05,372] INFO - Доступ к панели управления пользователем ID: 1.
[2025-03-16 22:34:15,255] INFO - Доступ к панели управления пользователем ID: 1.
[2025-03-16 22:34:18,613] INFO - Доступ к панели управления пользователем ID: 1.
[2025-03-16 22:36:16,550] INFO - Доступ к панели управления пользователем ID: 1.
[2025-03-16 22:36:23,850] INFO - Доступ к панели управления пользователем ID: 1.
[2025-03-16 22:36:26,924] INFO - Доступ к панели управления пользователем ID: 1.
[2025-03-16 22:36:30,135] INFO - Доступ к панели управления пользователем ID: 1.
[2025-03-16 22:37:43,146] INFO - Доступ к панели управления пользователем ID: 1.
[2025-03-16 22:37:59,832] INFO - Доступ к панели управления пользователем ID: 1.
[2025-03-16 22:39:47,368] INFO - Доступ к панели управления пользователем ID: 1.
[2025-03-16 22:40:03,168] INFO - Доступ к панели управления пользователем ID: 1.
[2025-03-16 22:40:14,481] INFO - Доступ к панели управления пользователем ID: 1.
[2025-03-16 22:40:17,032] INFO - Доступ к панели управления пользователем ID: 1.
[2025-03-16 22:40:19,814] INFO - Доступ к панели управления пользователем ID: 1.
[2025-03-16 22:40:21,991] INFO - Доступ к панели управления пользователем ID: 1.
[2025-03-16 22:40:31,386] INFO - Доступ к панели управления пользователем ID: 1.
[2025-03-16 22:41:09,145] INFO - Доступ к панели управления пользователем ID: 1.
[2025-03-16 22:41:12,078] INFO - Доступ к панели управления пользователем ID: 1.
[2025-03-16 22:42:34,778] INFO - Доступ к панели управления пользователем ID: 1.
[2025-03-16 22:43:49,319] INFO - Доступ к панели управления пользователем ID: 1.
[2025-03-16 22:44:22,668] INFO - Доступ к панели управления пользователем ID: 1.
[2025-03-16 22:44:40,194] INFO - Доступ к панели управления пользователем ID: 1.
[2025-03-16 22:47:19,425] INFO - Доступ к панели управления пользователем ID: 1.
[2025-03-16 22:51:07,081] INFO - Приложение Flask запущено.
[2025-03-16 22:51:07,902] INFO - Приложение Flask запущено.
[2025-03-16 22:53:17,558] INFO - Доступ к панели управления пользователем ID: 1.
[2025-03-16 22:53:31,020] INFO - Доступ к панели управления пользователем ID: 1.
[2025-03-16 22:53:34,917] INFO - Доступ к панели управления пользователем ID: 1.
[2025-03-16 22:53:41,100] INFO - Доступ к панели управления пользователем ID: 1.
[2025-03-16 22:53:44,378] INFO - Доступ к панели управления пользователем ID: 1.
[2025-03-16 22:54:46,235] INFO - Доступ к панели управления пользователем ID: 1.
[2025-03-16 23:00:11,138] INFO - Доступ к панели управления пользователем ID: 1.
[2025-03-16 23:00:20,054] INFO - Доступ к панели управления пользователем ID: 1.
[2025-03-17 14:53:26,424] INFO - Приложение Flask запущено.
[2025-03-17 15:19:29,186] INFO - Приложение Flask запущено.
[2025-03-17 15:19:29,855] INFO - Приложение Flask запущено.
[2025-03-17 15:19:32,525] INFO - Доступ к панели управления пользователем ID: 1.
[2025-03-17 15:21:52,194] INFO - Доступ к панели управления пользователем ID: 1.
[2025-03-17 15:21:55,996] INFO - Доступ к панели управления пользователем ID: 1.
[2025-03-17 15:22:00,831] INFO - Доступ к панели управления пользователем ID: 1.
